[     148ms] [ERROR] Failed to load resource: the server responded with a status of 500 (Internal Server Error) @ http://localhost:4173/api/preferences:0
[     148ms] [ERROR] Failed to load resource: the server responded with a status of 500 (Internal Server Error) @ http://localhost:4173/api/files:0
[     905ms] [LOG] Loading micropip, typing-inspection @ http://localhost:4173/rendercv-app/cdn/pyodide/v0.29.3/full/pyodide.asm.js:7
[     944ms] [LOG] Loaded micropip, typing-inspection @ http://localhost:4173/rendercv-app/cdn/pyodide/v0.29.3/full/pyodide.asm.js:7
[    2500ms] [WARNING] using deprecated parameters for the initialization function; pass a single object instead @ blob:http://localhost:4173/9a5050c3-ed45-497f-a91d-5649ad8d1922:6436
[    2508ms] [WARNING] using deprecated parameters for the initialization function; pass a single object instead @ blob:http://localhost:4173/9a5050c3-ed45-497f-a91d-5649ad8d1922:3140
[    5742ms] [WARNING] The resource http://localhost:4173/rendercv-app/cdn/pyodide/v0.29.3/full/pyodide.asm.wasm was preloaded using link preload but not used within a few seconds from the window's load event. Please make sure it has an appropriate `as` value and it is preloaded intentionally. @ http://localhost:4173/rendercv-app/:0
[    5742ms] [WARNING] The resource http://localhost:4173/rendercv-app/cdn/pyodide/v0.29.3/full/pyodide.js was preloaded using link preload but not used within a few seconds from the window's load event. Please make sure it has an appropriate `as` value and it is preloaded intentionally. @ http://localhost:4173/rendercv-app/:0
[    5742ms] [WARNING] The resource http://localhost:4173/rendercv-app/cdn/typst/typst_ts_web_compiler_bg.wasm was preloaded using link preload but not used within a few seconds from the window's load event. Please make sure it has an appropriate `as` value and it is preloaded intentionally. @ http://localhost:4173/rendercv-app/:0
[    5742ms] [WARNING] The resource http://localhost:4173/rendercv-app/cdn/typst-ts-esm/all-in-one-lite.bundle.js was preloaded using link preload but not used within a few seconds from the window's load event. Please make sure it has an appropriate `as` value and it is preloaded intentionally. @ http://localhost:4173/rendercv-app/:0
[   16855ms] [ERROR] Failed to load resource: the server responded with a status of 500 (Internal Server Error) @ http://localhost:4173/api/preferences:0
[   16855ms] [ERROR] Failed to load resource: the server responded with a status of 500 (Internal Server Error) @ http://localhost:4173/api/files:0
[   17533ms] [LOG] Loading micropip, typing-inspection @ http://localhost:4173/rendercv-app/cdn/pyodide/v0.29.3/full/pyodide.asm.js:7
[   17573ms] [LOG] Loaded micropip, typing-inspection @ http://localhost:4173/rendercv-app/cdn/pyodide/v0.29.3/full/pyodide.asm.js:7
[   17979ms] [LOG] typing-inspection already loaded from default channel @ http://localhost:4173/rendercv-app/cdn/pyodide/v0.29.3/full/pyodide.asm.js:7
[   17980ms] [LOG] Loading Jinja2, MarkupSafe, annotated-types, idna, pydantic, pydantic_core, typing-extensions @ http://localhost:4173/rendercv-app/cdn/pyodide/v0.29.3/full/pyodide.asm.js:7
[   18055ms] [LOG] Loaded Jinja2, MarkupSafe, annotated-types, idna, pydantic, pydantic_core, typing-extensions @ http://localhost:4173/rendercv-app/cdn/pyodide/v0.29.3/full/pyodide.asm.js:7
[   19296ms] [WARNING] using deprecated parameters for the initialization function; pass a single object instead @ blob:http://localhost:4173/f6fa4a01-ea49-4037-8c26-87f8e643c317:6436
[   19301ms] [WARNING] using deprecated parameters for the initialization function; pass a single object instead @ blob:http://localhost:4173/f6fa4a01-ea49-4037-8c26-87f8e643c317:3140
[   20033ms] [ERROR] Failed to load resource: the server responded with a status of 500 (Internal Server Error) @ http://localhost:4173/api/files:0
[   20033ms] [ERROR] Failed to load resource: the server responded with a status of 500 (Internal Server Error) @ http://localhost:4173/api/preferences:0
[   20631ms] [LOG] Loading micropip, typing-inspection @ http://localhost:4173/rendercv-app/cdn/pyodide/v0.29.3/full/pyodide.asm.js:7
[   20668ms] [LOG] Loaded micropip, typing-inspection @ http://localhost:4173/rendercv-app/cdn/pyodide/v0.29.3/full/pyodide.asm.js:7
[   22191ms] [WARNING] using deprecated parameters for the initialization function; pass a single object instead @ blob:http://localhost:4173/01df53b9-dc39-48d6-9838-c36da8b1e95e:6436
[   22194ms] [WARNING] using deprecated parameters for the initialization function; pass a single object instead @ blob:http://localhost:4173/01df53b9-dc39-48d6-9838-c36da8b1e95e:3140
[   22922ms] [ERROR] Failed to load resource: the server responded with a status of 500 (Internal Server Error) @ http://localhost:4173/api/preferences:0
[   22923ms] [ERROR] Failed to load resource: the server responded with a status of 500 (Internal Server Error) @ http://localhost:4173/api/files:0
[   23516ms] [LOG] Loading micropip, typing-inspection @ http://localhost:4173/rendercv-app/cdn/pyodide/v0.29.3/full/pyodide.asm.js:7
[   23552ms] [LOG] Loaded micropip, typing-inspection @ http://localhost:4173/rendercv-app/cdn/pyodide/v0.29.3/full/pyodide.asm.js:7
[   25075ms] [WARNING] using deprecated parameters for the initialization function; pass a single object instead @ blob:http://localhost:4173/ca5d2969-36d1-440b-83eb-a35c7ccd2fa5:6436
[   25079ms] [WARNING] using deprecated parameters for the initialization function; pass a single object instead @ blob:http://localhost:4173/ca5d2969-36d1-440b-83eb-a35c7ccd2fa5:3140
[   25800ms] [ERROR] Failed to load resource: the server responded with a status of 500 (Internal Server Error) @ http://localhost:4173/api/files:0
[   25800ms] [ERROR] Failed to load resource: the server responded with a status of 500 (Internal Server Error) @ http://localhost:4173/api/preferences:0
[   26400ms] [LOG] Loading micropip, typing-inspection @ http://localhost:4173/rendercv-app/cdn/pyodide/v0.29.3/full/pyodide.asm.js:7
[   26436ms] [LOG] Loaded micropip, typing-inspection @ http://localhost:4173/rendercv-app/cdn/pyodide/v0.29.3/full/pyodide.asm.js:7
[   27932ms] [WARNING] using deprecated parameters for the initialization function; pass a single object instead @ blob:http://localhost:4173/99b8fa31-c6ab-4e0b-98a4-cc87853fe544:6436
[   27936ms] [WARNING] using deprecated parameters for the initialization function; pass a single object instead @ blob:http://localhost:4173/99b8fa31-c6ab-4e0b-98a4-cc87853fe544:3140
[   31061ms] [WARNING] The resource http://localhost:4173/rendercv-app/cdn/pyodide/v0.29.3/full/pyodide.asm.wasm was preloaded using link preload but not used within a few seconds from the window's load event. Please make sure it has an appropriate `as` value and it is preloaded intentionally. @ http://localhost:4173/rendercv-app/?timingRun=preload-prod-warm-storage-3-1777400202976:0
[   31061ms] [WARNING] The resource http://localhost:4173/rendercv-app/cdn/pyodide/v0.29.3/full/pyodide.js was preloaded using link preload but not used within a few seconds from the window's load event. Please make sure it has an appropriate `as` value and it is preloaded intentionally. @ http://localhost:4173/rendercv-app/?timingRun=preload-prod-warm-storage-3-1777400202976:0
[   31061ms] [WARNING] The resource http://localhost:4173/rendercv-app/cdn/typst/typst_ts_web_compiler_bg.wasm was preloaded using link preload but not used within a few seconds from the window's load event. Please make sure it has an appropriate `as` value and it is preloaded intentionally. @ http://localhost:4173/rendercv-app/?timingRun=preload-prod-warm-storage-3-1777400202976:0
[   31061ms] [WARNING] The resource http://localhost:4173/rendercv-app/cdn/typst-ts-esm/all-in-one-lite.bundle.js was preloaded using link preload but not used within a few seconds from the window's load event. Please make sure it has an appropriate `as` value and it is preloaded intentionally. @ http://localhost:4173/rendercv-app/?timingRun=preload-prod-warm-storage-3-1777400202976:0
[   31061ms] [WARNING] The resource http://localhost:4173/rendercv-app/cdn/pyodide/v0.29.3/full/pyodide.asm.wasm was preloaded using link preload but not used within a few seconds from the window's load event. Please make sure it has an appropriate `as` value and it is preloaded intentionally. @ http://localhost:4173/rendercv-app/:0
[   31061ms] [WARNING] The resource http://localhost:4173/rendercv-app/cdn/pyodide/v0.29.3/full/pyodide.js was preloaded using link preload but not used within a few seconds from the window's load event. Please make sure it has an appropriate `as` value and it is preloaded intentionally. @ http://localhost:4173/rendercv-app/:0
[   31061ms] [WARNING] The resource http://localhost:4173/rendercv-app/cdn/typst/typst_ts_web_compiler_bg.wasm was preloaded using link preload but not used within a few seconds from the window's load event. Please make sure it has an appropriate `as` value and it is preloaded intentionally. @ http://localhost:4173/rendercv-app/:0
[   31061ms] [WARNING] The resource http://localhost:4173/rendercv-app/cdn/typst-ts-esm/all-in-one-lite.bundle.js was preloaded using link preload but not used within a few seconds from the window's load event. Please make sure it has an appropriate `as` value and it is preloaded intentionally. @ http://localhost:4173/rendercv-app/:0
